<?xml version="1.0" encoding="UTF-8"?>
<!-- Generated by org.testng.reporters.JUnitXMLReporter -->
<testsuite ignored="0" hostname="LAPTOP-NNBT4H38" failures="0" tests="5" name="Default test" time="11.876" errors="0" timestamp="07 May 2021 18:54:59 GMT">
  <testcase classname="com.pedgog.web.tests.HomePageTest" name="navigateToPreparePage" time="0.526"/>
  <testcase classname="com.pedgog.web.tests.HomePageTest" name="navigateToConductPage" time="3.488"/>
  <testcase classname="com.pedgog.web.tests.HomePageTest" name="navigateToProjectsPage" time="0.497"/>
  <testcase classname="com.pedgog.web.tests.HomePageTest" name="navigateToExplorePage" time="3.368"/>
  <testcase classname="com.pedgog.web.tests.HomePageTest" name="navigateToHelpPage" time="1.317"/>
</testsuite> <!-- Default test -->
