<?xml version="1.0" encoding="UTF-8"?>
<!-- Generated by org.testng.reporters.JUnitXMLReporter -->
<testsuite ignored="1" hostname="LAPTOP-NNBT4H38" failures="1" tests="4" name="Test" time="22.437" errors="0" timestamp="03 May 2021 18:22:34 GMT">
  <testcase classname="TestingMs.TestingMs.TestP" name="loginTest" time="5.693"/>
  <testcase classname="TestingMs.TestingMs.TestP2" name="pageTitle" time="0.003">
    <failure type="java.lang.NullPointerException">
      <![CDATA[java.lang.NullPointerException
at TestingMs.TestingMs.TestP2.pageTitle(TestP2.java:18)
... Removed 25 stack frames]]>
    </failure>
  </testcase> <!-- pageTitle -->
  <testcase classname="TestingMs.TestingMs.TestP" name="logoutTest" time="5.244"/>
  <testcase classname="TestingMs.TestingMs.TestP" name="loginAgain" time="11.468"/>
  <testcase classname="TestingMs.TestingMs.TestBase" name="@BeforeSuite setDrivers" time="0.0">
    <ignored/>
  </testcase> <!-- @BeforeSuite setDrivers -->
</testsuite> <!-- Test -->
