<?xml version="1.0" encoding="UTF-8"?>
<testng-results ignored="0" total="5" passed="5" failed="0" skipped="0">
  <reporter-output>
  </reporter-output>
  <suite started-at="2021-05-07T18:54:47Z" name="Default suite" finished-at="2021-05-07T18:54:59Z" duration-ms="11876">
    <groups>
    </groups>
    <test started-at="2021-05-07T18:54:47Z" name="Default test" finished-at="2021-05-07T18:54:59Z" duration-ms="11876">
      <class name="com.pedgog.web.tests.HomePageTest">
        <test-method is-config="true" signature="setDrivers()[pri:0, instance:com.pedgog.web.tests.HomePageTest@4c309d4d]" started-at="2021-05-07T18:54:39Z" name="setDrivers" finished-at="2021-05-07T18:54:47Z" duration-ms="8498" status="PASS">
          <reporter-output>
          </reporter-output>
        </test-method> <!-- setDrivers -->
        <test-method is-config="true" signature="loginSetup()[pri:0, instance:com.pedgog.web.tests.HomePageTest@4c309d4d]" started-at="2021-05-07T18:54:47Z" name="loginSetup" finished-at="2021-05-07T18:54:50Z" duration-ms="2636" status="PASS">
          <reporter-output>
          </reporter-output>
        </test-method> <!-- loginSetup -->
        <test-method signature="navigateToPreparePage()[pri:6, instance:com.pedgog.web.tests.HomePageTest@4c309d4d]" started-at="2021-05-07T18:54:50Z" name="navigateToPreparePage" finished-at="2021-05-07T18:54:51Z" duration-ms="526" status="PASS">
          <reporter-output>
          </reporter-output>
        </test-method> <!-- navigateToPreparePage -->
        <test-method signature="navigateToConductPage()[pri:7, instance:com.pedgog.web.tests.HomePageTest@4c309d4d]" started-at="2021-05-07T18:54:51Z" name="navigateToConductPage" finished-at="2021-05-07T18:54:54Z" duration-ms="3488" status="PASS">
          <reporter-output>
          </reporter-output>
        </test-method> <!-- navigateToConductPage -->
        <test-method signature="navigateToProjectsPage()[pri:8, instance:com.pedgog.web.tests.HomePageTest@4c309d4d]" started-at="2021-05-07T18:54:54Z" name="navigateToProjectsPage" finished-at="2021-05-07T18:54:55Z" duration-ms="497" status="PASS">
          <reporter-output>
          </reporter-output>
        </test-method> <!-- navigateToProjectsPage -->
        <test-method signature="navigateToExplorePage()[pri:9, instance:com.pedgog.web.tests.HomePageTest@4c309d4d]" started-at="2021-05-07T18:54:55Z" name="navigateToExplorePage" finished-at="2021-05-07T18:54:58Z" duration-ms="3368" status="PASS">
          <reporter-output>
          </reporter-output>
        </test-method> <!-- navigateToExplorePage -->
        <test-method signature="navigateToHelpPage()[pri:10, instance:com.pedgog.web.tests.HomePageTest@4c309d4d]" started-at="2021-05-07T18:54:58Z" name="navigateToHelpPage" finished-at="2021-05-07T18:54:59Z" duration-ms="1317" status="PASS">
          <reporter-output>
          </reporter-output>
        </test-method> <!-- navigateToHelpPage -->
        <test-method is-config="true" signature="closeDriver()[pri:0, instance:com.pedgog.web.tests.HomePageTest@4c309d4d]" started-at="2021-05-07T18:54:59Z" name="closeDriver" finished-at="2021-05-07T18:55:00Z" duration-ms="740" status="PASS">
          <reporter-output>
          </reporter-output>
        </test-method> <!-- closeDriver -->
      </class> <!-- com.pedgog.web.tests.HomePageTest -->
    </test> <!-- Default test -->
  </suite> <!-- Default suite -->
</testng-results>
